[2020-10-12 22:11:30] app.INFO: Protect vendor folder in module contactform [] []
[2020-10-12 22:11:30] app.INFO: Module contactform has no vendor folder [] []
[2020-10-12 22:11:30] app.INFO: Protect vendor folder in module dashactivity [] []
[2020-10-12 22:11:30] app.INFO: Module dashactivity has no vendor folder [] []
[2020-10-12 22:11:31] app.INFO: Protect vendor folder in module dashtrends [] []
[2020-10-12 22:11:31] app.INFO: Module dashtrends has no vendor folder [] []
[2020-10-12 22:11:31] app.INFO: Protect vendor folder in module dashgoals [] []
[2020-10-12 22:11:31] app.INFO: Module dashgoals has no vendor folder [] []
[2020-10-12 22:11:31] app.INFO: Protect vendor folder in module dashproducts [] []
[2020-10-12 22:11:31] app.INFO: Module dashproducts has no vendor folder [] []
[2020-10-12 22:11:31] app.INFO: Protect vendor folder in module graphnvd3 [] []
[2020-10-12 22:11:31] app.INFO: Module graphnvd3 has no vendor folder [] []
[2020-10-12 22:11:31] app.INFO: Protect vendor folder in module gridhtml [] []
[2020-10-12 22:11:31] app.INFO: Module gridhtml has no vendor folder [] []
[2020-10-12 22:11:31] app.INFO: Protect vendor folder in module gsitemap [] []
[2020-10-12 22:11:31] app.INFO: Module gsitemap has no vendor folder [] []
[2020-10-12 22:11:32] app.INFO: Protect vendor folder in module ps_banner [] []
[2020-10-12 22:11:32] app.INFO: Module ps_banner has no vendor folder [] []
[2020-10-12 22:11:32] app.INFO: Protect vendor folder in module ps_categorytree [] []
[2020-10-12 22:11:32] app.INFO: Module ps_categorytree has no vendor folder [] []
[2020-10-12 22:11:32] app.INFO: Protect vendor folder in module ps_checkpayment [] []
[2020-10-12 22:11:32] app.INFO: Module ps_checkpayment has no vendor folder [] []
[2020-10-12 22:11:32] app.INFO: Protect vendor folder in module ps_contactinfo [] []
[2020-10-12 22:11:32] app.INFO: Module ps_contactinfo has no vendor folder [] []
[2020-10-12 22:11:32] app.INFO: Protect vendor folder in module ps_currencyselector [] []
[2020-10-12 22:11:32] app.INFO: Module ps_currencyselector has no vendor folder [] []
[2020-10-12 22:11:32] app.INFO: Protect vendor folder in module ps_customeraccountlinks [] []
[2020-10-12 22:11:32] app.INFO: Module ps_customeraccountlinks has no vendor folder [] []
[2020-10-12 22:11:32] app.INFO: Protect vendor folder in module ps_customersignin [] []
[2020-10-12 22:11:32] app.INFO: Module ps_customersignin has no vendor folder [] []
[2020-10-12 22:11:32] app.INFO: Protect vendor folder in module ps_customtext [] []
[2020-10-12 22:11:32] app.INFO: Module ps_customtext has no vendor folder [] []
[2020-10-12 22:11:33] app.INFO: Protect vendor folder in module ps_emailsubscription [] []
[2020-10-12 22:11:33] app.INFO: Module ps_emailsubscription has no vendor folder [] []
[2020-10-12 22:11:34] app.INFO: Protect vendor folder in module ps_facetedsearch [] []
[2020-10-12 22:11:34] app.INFO: Module ps_facetedsearch has no vendor folder [] []
[2020-10-12 22:11:34] app.INFO: Protect vendor folder in module ps_faviconnotificationbo [] []
[2020-10-12 22:11:34] app.INFO: Module ps_faviconnotificationbo has no vendor folder [] []
[2020-10-12 22:11:34] app.INFO: Protect vendor folder in module ps_featuredproducts [] []
[2020-10-12 22:11:34] app.INFO: Module ps_featuredproducts has no vendor folder [] []
[2020-10-12 22:11:34] app.INFO: Protect vendor folder in module ps_imageslider [] []
[2020-10-12 22:11:34] app.INFO: Module ps_imageslider has no vendor folder [] []
[2020-10-12 22:11:34] app.INFO: Protect vendor folder in module ps_languageselector [] []
[2020-10-12 22:11:34] app.INFO: Module ps_languageselector has no vendor folder [] []
[2020-10-12 22:11:35] app.INFO: Protect vendor folder in module ps_linklist [] []
[2020-10-12 22:11:35] app.INFO: Module ps_linklist has no vendor folder [] []
[2020-10-12 22:11:35] app.ERROR: Class "AdminLinkWidgetController" not found in controllers/admin [] []
[2020-10-12 22:11:35] app.INFO: Protect vendor folder in module ps_mainmenu [] []
[2020-10-12 22:11:35] app.INFO: Module ps_mainmenu has no vendor folder [] []
[2020-10-12 22:11:35] app.INFO: Protect vendor folder in module ps_searchbar [] []
[2020-10-12 22:11:35] app.INFO: Module ps_searchbar has no vendor folder [] []
[2020-10-12 22:11:35] app.INFO: Protect vendor folder in module ps_sharebuttons [] []
[2020-10-12 22:11:35] app.INFO: Module ps_sharebuttons has no vendor folder [] []
[2020-10-12 22:11:35] app.INFO: Protect vendor folder in module ps_shoppingcart [] []
[2020-10-12 22:11:35] app.INFO: Module ps_shoppingcart has no vendor folder [] []
[2020-10-12 22:11:35] app.INFO: Protect vendor folder in module ps_socialfollow [] []
[2020-10-12 22:11:35] app.INFO: Module ps_socialfollow has no vendor folder [] []
[2020-10-12 22:11:48] app.INFO: Protect vendor folder in module ps_themecusto [] []
[2020-10-12 22:11:48] app.INFO: Module ps_themecusto has no vendor folder [] []
[2020-10-12 22:11:48] app.INFO: Protect vendor folder in module ps_wirepayment [] []
[2020-10-12 22:11:48] app.INFO: Module ps_wirepayment has no vendor folder [] []
[2020-10-12 22:11:48] app.INFO: Protect vendor folder in module pagesnotfound [] []
[2020-10-12 22:11:48] app.INFO: Module pagesnotfound has no vendor folder [] []
[2020-10-12 22:11:48] app.INFO: Protect vendor folder in module sekeywords [] []
[2020-10-12 22:11:48] app.INFO: Module sekeywords has no vendor folder [] []
[2020-10-12 22:11:48] app.INFO: Protect vendor folder in module statsbestcategories [] []
[2020-10-12 22:11:48] app.INFO: Module statsbestcategories has no vendor folder [] []
[2020-10-12 22:11:48] app.INFO: Protect vendor folder in module statsbestcustomers [] []
[2020-10-12 22:11:48] app.INFO: Module statsbestcustomers has no vendor folder [] []
[2020-10-12 22:11:48] app.INFO: Protect vendor folder in module statsbestproducts [] []
[2020-10-12 22:11:48] app.INFO: Module statsbestproducts has no vendor folder [] []
[2020-10-12 22:11:48] app.INFO: Protect vendor folder in module statsbestsuppliers [] []
[2020-10-12 22:11:48] app.INFO: Module statsbestsuppliers has no vendor folder [] []
[2020-10-12 22:11:48] app.INFO: Protect vendor folder in module statsbestvouchers [] []
[2020-10-12 22:11:48] app.INFO: Module statsbestvouchers has no vendor folder [] []
[2020-10-12 22:11:49] app.INFO: Protect vendor folder in module statscarrier [] []
[2020-10-12 22:11:49] app.INFO: Module statscarrier has no vendor folder [] []
[2020-10-12 22:11:49] app.INFO: Protect vendor folder in module statscatalog [] []
[2020-10-12 22:11:49] app.INFO: Module statscatalog has no vendor folder [] []
[2020-10-12 22:11:49] app.INFO: Protect vendor folder in module statscheckup [] []
[2020-10-12 22:11:49] app.INFO: Module statscheckup has no vendor folder [] []
[2020-10-12 22:11:49] app.INFO: Protect vendor folder in module statsdata [] []
[2020-10-12 22:11:49] app.INFO: Module statsdata has no vendor folder [] []
[2020-10-12 22:11:49] app.INFO: Protect vendor folder in module statsequipment [] []
[2020-10-12 22:11:49] app.INFO: Module statsequipment has no vendor folder [] []
[2020-10-12 22:11:49] app.INFO: Protect vendor folder in module statsforecast [] []
[2020-10-12 22:11:49] app.INFO: Module statsforecast has no vendor folder [] []
[2020-10-12 22:11:49] app.INFO: Protect vendor folder in module statslive [] []
[2020-10-12 22:11:49] app.INFO: Module statslive has no vendor folder [] []
[2020-10-12 22:11:49] app.INFO: Protect vendor folder in module statsnewsletter [] []
[2020-10-12 22:11:49] app.INFO: Module statsnewsletter has no vendor folder [] []
[2020-10-12 22:11:49] app.INFO: Protect vendor folder in module statsorigin [] []
[2020-10-12 22:11:49] app.INFO: Module statsorigin has no vendor folder [] []
[2020-10-12 22:11:49] app.INFO: Protect vendor folder in module statspersonalinfos [] []
[2020-10-12 22:11:49] app.INFO: Module statspersonalinfos has no vendor folder [] []
[2020-10-12 22:11:49] app.INFO: Protect vendor folder in module statsproduct [] []
[2020-10-12 22:11:49] app.INFO: Module statsproduct has no vendor folder [] []
[2020-10-12 22:11:50] app.INFO: Protect vendor folder in module statsregistrations [] []
[2020-10-12 22:11:50] app.INFO: Module statsregistrations has no vendor folder [] []
[2020-10-12 22:11:50] app.INFO: Protect vendor folder in module statssales [] []
[2020-10-12 22:11:50] app.INFO: Module statssales has no vendor folder [] []
[2020-10-12 22:11:50] app.INFO: Protect vendor folder in module statssearch [] []
[2020-10-12 22:11:50] app.INFO: Module statssearch has no vendor folder [] []
[2020-10-12 22:11:50] app.INFO: Protect vendor folder in module statsstock [] []
[2020-10-12 22:11:50] app.INFO: Module statsstock has no vendor folder [] []
[2020-10-12 22:11:50] app.INFO: Protect vendor folder in module statsvisits [] []
[2020-10-12 22:11:50] app.INFO: Module statsvisits has no vendor folder [] []
[2020-10-12 22:11:50] app.INFO: Protect vendor folder in module welcome [] []
[2020-10-12 22:11:52] app.INFO: Exporting mail with theme modern for language Français (French) [] []
[2020-10-12 22:11:52] app.INFO: Core output folder: C:\wamp64\www\presta\prestashop_1.7.6.5/mails [] []
[2020-10-12 22:11:52] app.INFO: Modules output folder: C:\wamp64\www\presta\prestashop_1.7.6.5/modules/ [] []
[2020-10-12 22:49:05] app.INFO: Protect vendor folder in module contactform [] []
[2020-10-12 22:49:05] app.INFO: Module contactform has no vendor folder [] []
[2020-10-12 22:49:05] app.INFO: Protect vendor folder in module dashactivity [] []
[2020-10-12 22:49:05] app.INFO: Module dashactivity has no vendor folder [] []
[2020-10-12 22:49:05] app.INFO: Protect vendor folder in module dashtrends [] []
[2020-10-12 22:49:05] app.INFO: Module dashtrends has no vendor folder [] []
[2020-10-12 22:49:06] app.INFO: Protect vendor folder in module dashgoals [] []
[2020-10-12 22:49:06] app.INFO: Module dashgoals has no vendor folder [] []
[2020-10-12 22:49:06] app.INFO: Protect vendor folder in module dashproducts [] []
[2020-10-12 22:49:06] app.INFO: Module dashproducts has no vendor folder [] []
[2020-10-12 22:49:06] app.INFO: Protect vendor folder in module graphnvd3 [] []
[2020-10-12 22:49:06] app.INFO: Module graphnvd3 has no vendor folder [] []
[2020-10-12 22:49:06] app.INFO: Protect vendor folder in module gridhtml [] []
[2020-10-12 22:49:06] app.INFO: Module gridhtml has no vendor folder [] []
[2020-10-12 22:49:06] app.INFO: Protect vendor folder in module gsitemap [] []
[2020-10-12 22:49:06] app.INFO: Module gsitemap has no vendor folder [] []
[2020-10-12 22:49:06] app.INFO: Protect vendor folder in module ps_banner [] []
[2020-10-12 22:49:06] app.INFO: Module ps_banner has no vendor folder [] []
[2020-10-12 22:49:06] app.INFO: Protect vendor folder in module ps_categorytree [] []
[2020-10-12 22:49:06] app.INFO: Module ps_categorytree has no vendor folder [] []
[2020-10-12 22:49:06] app.INFO: Protect vendor folder in module ps_checkpayment [] []
[2020-10-12 22:49:06] app.INFO: Module ps_checkpayment has no vendor folder [] []
[2020-10-12 22:49:06] app.INFO: Protect vendor folder in module ps_contactinfo [] []
[2020-10-12 22:49:06] app.INFO: Module ps_contactinfo has no vendor folder [] []
[2020-10-12 22:49:06] app.INFO: Protect vendor folder in module ps_currencyselector [] []
[2020-10-12 22:49:06] app.INFO: Module ps_currencyselector has no vendor folder [] []
[2020-10-12 22:49:07] app.INFO: Protect vendor folder in module ps_customeraccountlinks [] []
[2020-10-12 22:49:07] app.INFO: Module ps_customeraccountlinks has no vendor folder [] []
[2020-10-12 22:49:07] app.INFO: Protect vendor folder in module ps_customersignin [] []
[2020-10-12 22:49:07] app.INFO: Module ps_customersignin has no vendor folder [] []
[2020-10-12 22:49:07] app.INFO: Protect vendor folder in module ps_customtext [] []
[2020-10-12 22:49:07] app.INFO: Module ps_customtext has no vendor folder [] []
[2020-10-12 22:49:07] app.INFO: Protect vendor folder in module ps_emailsubscription [] []
[2020-10-12 22:49:07] app.INFO: Module ps_emailsubscription has no vendor folder [] []
[2020-10-12 22:49:08] app.INFO: Protect vendor folder in module ps_facetedsearch [] []
[2020-10-12 22:49:08] app.INFO: Module ps_facetedsearch has no vendor folder [] []
[2020-10-12 22:49:08] app.INFO: Protect vendor folder in module ps_faviconnotificationbo [] []
[2020-10-12 22:49:08] app.INFO: Module ps_faviconnotificationbo has no vendor folder [] []
[2020-10-12 22:49:08] app.INFO: Protect vendor folder in module ps_featuredproducts [] []
[2020-10-12 22:49:08] app.INFO: Module ps_featuredproducts has no vendor folder [] []
[2020-10-12 22:49:08] app.INFO: Protect vendor folder in module ps_imageslider [] []
[2020-10-12 22:49:08] app.INFO: Module ps_imageslider has no vendor folder [] []
[2020-10-12 22:49:08] app.INFO: Protect vendor folder in module ps_languageselector [] []
[2020-10-12 22:49:08] app.INFO: Module ps_languageselector has no vendor folder [] []
[2020-10-12 22:49:08] app.INFO: Protect vendor folder in module ps_linklist [] []
[2020-10-12 22:49:08] app.INFO: Module ps_linklist has no vendor folder [] []
[2020-10-12 22:49:08] app.ERROR: Class "AdminLinkWidgetController" not found in controllers/admin [] []
[2020-10-12 22:49:09] app.INFO: Protect vendor folder in module ps_mainmenu [] []
[2020-10-12 22:49:09] app.INFO: Module ps_mainmenu has no vendor folder [] []
[2020-10-12 22:49:09] app.INFO: Protect vendor folder in module ps_searchbar [] []
[2020-10-12 22:49:09] app.INFO: Module ps_searchbar has no vendor folder [] []
[2020-10-12 22:49:09] app.INFO: Protect vendor folder in module ps_sharebuttons [] []
[2020-10-12 22:49:09] app.INFO: Module ps_sharebuttons has no vendor folder [] []
[2020-10-12 22:49:09] app.INFO: Protect vendor folder in module ps_shoppingcart [] []
[2020-10-12 22:49:09] app.INFO: Module ps_shoppingcart has no vendor folder [] []
[2020-10-12 22:49:09] app.INFO: Protect vendor folder in module ps_socialfollow [] []
[2020-10-12 22:49:09] app.INFO: Module ps_socialfollow has no vendor folder [] []
[2020-10-12 22:49:35] app.INFO: Protect vendor folder in module ps_themecusto [] []
[2020-10-12 22:49:35] app.INFO: Module ps_themecusto has no vendor folder [] []
[2020-10-12 22:49:35] app.INFO: Protect vendor folder in module ps_wirepayment [] []
[2020-10-12 22:49:35] app.INFO: Module ps_wirepayment has no vendor folder [] []
[2020-10-12 22:49:35] app.INFO: Protect vendor folder in module pagesnotfound [] []
[2020-10-12 22:49:35] app.INFO: Module pagesnotfound has no vendor folder [] []
[2020-10-12 22:49:35] app.INFO: Protect vendor folder in module sekeywords [] []
[2020-10-12 22:49:35] app.INFO: Module sekeywords has no vendor folder [] []
[2020-10-12 22:49:36] app.INFO: Protect vendor folder in module statsbestcategories [] []
[2020-10-12 22:49:36] app.INFO: Module statsbestcategories has no vendor folder [] []
[2020-10-12 22:49:36] app.INFO: Protect vendor folder in module statsbestcustomers [] []
[2020-10-12 22:49:36] app.INFO: Module statsbestcustomers has no vendor folder [] []
[2020-10-12 22:49:36] app.INFO: Protect vendor folder in module statsbestproducts [] []
[2020-10-12 22:49:36] app.INFO: Module statsbestproducts has no vendor folder [] []
[2020-10-12 22:49:36] app.INFO: Protect vendor folder in module statsbestsuppliers [] []
[2020-10-12 22:49:36] app.INFO: Module statsbestsuppliers has no vendor folder [] []
[2020-10-12 22:49:36] app.INFO: Protect vendor folder in module statsbestvouchers [] []
[2020-10-12 22:49:36] app.INFO: Module statsbestvouchers has no vendor folder [] []
[2020-10-12 22:49:36] app.INFO: Protect vendor folder in module statscarrier [] []
[2020-10-12 22:49:36] app.INFO: Module statscarrier has no vendor folder [] []
[2020-10-12 22:49:36] app.INFO: Protect vendor folder in module statscatalog [] []
[2020-10-12 22:49:36] app.INFO: Module statscatalog has no vendor folder [] []
[2020-10-12 22:49:36] app.INFO: Protect vendor folder in module statscheckup [] []
[2020-10-12 22:49:36] app.INFO: Module statscheckup has no vendor folder [] []
[2020-10-12 22:49:36] app.INFO: Protect vendor folder in module statsdata [] []
[2020-10-12 22:49:36] app.INFO: Module statsdata has no vendor folder [] []
[2020-10-12 22:49:36] app.INFO: Protect vendor folder in module statsequipment [] []
[2020-10-12 22:49:36] app.INFO: Module statsequipment has no vendor folder [] []
[2020-10-12 22:49:36] app.INFO: Protect vendor folder in module statsforecast [] []
[2020-10-12 22:49:36] app.INFO: Module statsforecast has no vendor folder [] []
[2020-10-12 22:49:36] app.INFO: Protect vendor folder in module statslive [] []
[2020-10-12 22:49:36] app.INFO: Module statslive has no vendor folder [] []
[2020-10-12 22:49:36] app.INFO: Protect vendor folder in module statsnewsletter [] []
[2020-10-12 22:49:36] app.INFO: Module statsnewsletter has no vendor folder [] []
[2020-10-12 22:49:36] app.INFO: Protect vendor folder in module statsorigin [] []
[2020-10-12 22:49:36] app.INFO: Module statsorigin has no vendor folder [] []
[2020-10-12 22:49:36] app.INFO: Protect vendor folder in module statspersonalinfos [] []
[2020-10-12 22:49:36] app.INFO: Module statspersonalinfos has no vendor folder [] []
[2020-10-12 22:49:37] app.INFO: Protect vendor folder in module statsproduct [] []
[2020-10-12 22:49:37] app.INFO: Module statsproduct has no vendor folder [] []
[2020-10-12 22:49:37] app.INFO: Protect vendor folder in module statsregistrations [] []
[2020-10-12 22:49:37] app.INFO: Module statsregistrations has no vendor folder [] []
[2020-10-12 22:49:37] app.INFO: Protect vendor folder in module statssales [] []
[2020-10-12 22:49:37] app.INFO: Module statssales has no vendor folder [] []
[2020-10-12 22:49:37] app.INFO: Protect vendor folder in module statssearch [] []
[2020-10-12 22:49:37] app.INFO: Module statssearch has no vendor folder [] []
[2020-10-12 22:49:37] app.INFO: Protect vendor folder in module statsstock [] []
[2020-10-12 22:49:37] app.INFO: Module statsstock has no vendor folder [] []
[2020-10-12 22:49:37] app.INFO: Protect vendor folder in module statsvisits [] []
[2020-10-12 22:49:37] app.INFO: Module statsvisits has no vendor folder [] []
[2020-10-12 22:49:37] app.INFO: Protect vendor folder in module welcome [] []
[2020-10-13 00:43:35] app.ERROR: Data from PrestaShop Addons is invalid, and cannot fallback on cache.  {"exception":"cURL error 28: Operation timed out after 5008 milliseconds with 46389 bytes received"} []
[2020-10-13 00:45:24] app.INFO: Protect vendor folder in module ps_facetedsearch [] []
[2020-10-13 00:45:24] app.INFO: Module ps_facetedsearch has no vendor folder [] []
